# Logfile created on 2014-01-06 17:33:47 -0600 by logger.rb/31641
I, [2014-01-06T17:33:47.235458 #7155]  INFO -- : 0:  i18n (0.6.9) from /Users/paul6951/.rvm/gems/ruby-1.9.3-p448@global/specifications/i18n-0.6.9.gemspec
I, [2014-01-06T17:33:47.235851 #7155]  INFO -- : 0:  multi_json (1.8.2) from /Users/paul6951/.rvm/gems/ruby-1.9.3-p448/specifications/multi_json-1.8.2.gemspec
I, [2014-01-06T17:33:47.236170 #7155]  INFO -- : 0:  activesupport (3.2.16) from /Users/paul6951/.rvm/gems/ruby-1.9.3-p448/specifications/activesupport-3.2.16.gemspec
I, [2014-01-06T17:33:47.236456 #7155]  INFO -- : 0:  addressable (2.3.5) from /Users/paul6951/.rvm/gems/ruby-1.9.3-p448/specifications/addressable-2.3.5.gemspec
I, [2014-01-06T17:33:47.236733 #7155]  INFO -- : 0:  builder (3.2.2) from /Users/paul6951/.rvm/gems/ruby-1.9.3-p448/specifications/builder-3.2.2.gemspec
I, [2014-01-06T17:33:47.237004 #7155]  INFO -- : 0:  gyoku (1.1.1) from /Users/paul6951/.rvm/gems/ruby-1.9.3-p448/specifications/gyoku-1.1.1.gemspec
I, [2014-01-06T17:33:47.237269 #7155]  INFO -- : 0:  mini_portile (0.5.2) from /Users/paul6951/.rvm/gems/ruby-1.9.3-p448/specifications/mini_portile-0.5.2.gemspec
I, [2014-01-06T17:34:57.667618 #7155]  INFO -- : 0:  nokogiri (1.6.1) from /Users/paul6951/.rvm/gems/ruby-1.9.3-p448/specifications/nokogiri-1.6.1.gemspec
I, [2014-01-06T17:34:57.668336 #7155]  INFO -- : 0:  akami (1.2.0) from /Users/paul6951/.rvm/gems/ruby-1.9.3-p448/specifications/akami-1.2.0.gemspec
I, [2014-01-06T17:34:57.668771 #7155]  INFO -- : 0:  buff-ruby_engine (0.1.0) from /Users/paul6951/.rvm/gems/ruby-1.9.3-p448/specifications/buff-ruby_engine-0.1.0.gemspec
I, [2014-01-06T17:34:57.669194 #7155]  INFO -- : 0:  buff-shell_out (0.1.1) from /Users/paul6951/.rvm/gems/ruby-1.9.3-p448/specifications/buff-shell_out-0.1.1.gemspec
I, [2014-01-06T17:34:57.669615 #7155]  INFO -- : 0:  hashie (2.0.5) from /Users/paul6951/.rvm/gems/ruby-1.9.3-p448/specifications/hashie-2.0.5.gemspec
I, [2014-01-06T17:34:57.670018 #7155]  INFO -- : 0:  chozo (0.6.1) from /Users/paul6951/.rvm/gems/ruby-1.9.3-p448/specifications/chozo-0.6.1.gemspec
I, [2014-01-06T17:34:57.670437 #7155]  INFO -- : 0:  multipart-post (1.2.0) from /Users/paul6951/.rvm/gems/ruby-1.9.3-p448/specifications/multipart-post-1.2.0.gemspec
I, [2014-01-06T17:34:57.670856 #7155]  INFO -- : 0:  faraday (0.8.8) from /Users/paul6951/.rvm/gems/ruby-1.9.3-p448/specifications/faraday-0.8.8.gemspec
I, [2014-01-06T17:34:57.671252 #7155]  INFO -- : 0:  minitar (0.5.4) from /Users/paul6951/.rvm/gems/ruby-1.9.3-p448/specifications/minitar-0.5.4.gemspec
I, [2014-01-06T17:34:57.671678 #7155]  INFO -- : 0:  rbzip2 (0.2.0) from /Users/paul6951/.rvm/gems/ruby-1.9.3-p448/specifications/rbzip2-0.2.0.gemspec
I, [2014-01-06T17:34:57.672088 #7155]  INFO -- : 0:  retryable (1.3.4) from /Users/paul6951/.rvm/gems/ruby-1.9.3-p448/specifications/retryable-1.3.4.gemspec
I, [2014-01-06T17:34:57.672468 #7155]  INFO -- : 0:  buff-extensions (0.5.0) from /Users/paul6951/.rvm/gems/ruby-1.9.3-p448/specifications/buff-extensions-0.5.0.gemspec
I, [2014-01-06T17:34:57.672852 #7155]  INFO -- : 0:  varia_model (0.2.0) from /Users/paul6951/.rvm/gems/ruby-1.9.3-p448/specifications/varia_model-0.2.0.gemspec
I, [2014-01-06T17:34:57.673308 #7155]  INFO -- : 0:  buff-config (0.4.0) from /Users/paul6951/.rvm/gems/ruby-1.9.3-p448/specifications/buff-config-0.4.0.gemspec
I, [2014-01-06T17:34:57.673668 #7155]  INFO -- : 0:  buff-ignore (1.1.1) from /Users/paul6951/.rvm/gems/ruby-1.9.3-p448/specifications/buff-ignore-1.1.1.gemspec
I, [2014-01-06T17:34:57.674028 #7155]  INFO -- : 0:  hitimes (1.2.1) from /Users/paul6951/.rvm/gems/ruby-1.9.3-p448/specifications/hitimes-1.2.1.gemspec
I, [2014-01-06T17:34:57.674379 #7155]  INFO -- : 0:  timers (2.0.0) from /Users/paul6951/.rvm/gems/ruby-1.9.3-p448/specifications/timers-2.0.0.gemspec
I, [2014-01-06T17:34:57.674733 #7155]  INFO -- : 0:  celluloid (0.14.1) from /Users/paul6951/.rvm/gems/ruby-1.9.3-p448/specifications/celluloid-0.14.1.gemspec
I, [2014-01-06T17:34:57.675086 #7155]  INFO -- : 0:  nio4r (0.5.0) from /Users/paul6951/.rvm/gems/ruby-1.9.3-p448/specifications/nio4r-0.5.0.gemspec
I, [2014-01-06T17:34:57.675464 #7155]  INFO -- : 0:  celluloid-io (0.14.1) from /Users/paul6951/.rvm/gems/ruby-1.9.3-p448/specifications/celluloid-io-0.14.1.gemspec
I, [2014-01-06T17:34:57.675820 #7155]  INFO -- : 0:  erubis (2.7.0) from /Users/paul6951/.rvm/gems/ruby-1.9.3-p448/specifications/erubis-2.7.0.gemspec
I, [2014-01-06T17:34:59.938426 #7155]  INFO -- : 0:  json (1.8.1) from /Users/paul6951/.rvm/gems/ruby-1.9.3-p448/specifications/json-1.8.1.gemspec
I, [2014-01-06T17:34:59.939012 #7155]  INFO -- : 0:  mixlib-log (1.6.0) from /Users/paul6951/.rvm/gems/ruby-1.9.3-p448/specifications/mixlib-log-1.6.0.gemspec
I, [2014-01-06T17:34:59.939387 #7155]  INFO -- : 0:  mixlib-authentication (1.3.0) from /Users/paul6951/.rvm/gems/ruby-1.9.3-p448/specifications/mixlib-authentication-1.3.0.gemspec
I, [2014-01-06T17:34:59.939754 #7155]  INFO -- : 0:  net-http-persistent (2.9) from /Users/paul6951/.rvm/gems/ruby-1.9.3-p448/specifications/net-http-persistent-2.9.gemspec
I, [2014-01-06T17:34:59.940087 #7155]  INFO -- : 0:  net-ssh (2.7.0) from /Users/paul6951/.rvm/gems/ruby-1.9.3-p448/specifications/net-ssh-2.7.0.gemspec
I, [2014-01-06T17:34:59.940425 #7155]  INFO -- : 0:  solve (0.8.2) from /Users/paul6951/.rvm/gems/ruby-1.9.3-p448/specifications/solve-0.8.2.gemspec
I, [2014-01-06T17:34:59.940746 #7155]  INFO -- : 0:  ffi (1.9.3) from /Users/paul6951/.rvm/gems/ruby-1.9.3-p448/specifications/ffi-1.9.3.gemspec
I, [2014-01-06T17:34:59.941057 #7155]  INFO -- : 0:  gssapi (1.0.3) from /Users/paul6951/.rvm/gems/ruby-1.9.3-p448/specifications/gssapi-1.0.3.gemspec
I, [2014-01-06T17:34:59.941374 #7155]  INFO -- : 0:  httpclient (2.3.4.1) from /Users/paul6951/.rvm/gems/ruby-1.9.3-p448/specifications/httpclient-2.3.4.1.gemspec
I, [2014-01-06T17:34:59.941693 #7155]  INFO -- : 0:  little-plugger (1.1.3) from /Users/paul6951/.rvm/gems/ruby-1.9.3-p448/specifications/little-plugger-1.1.3.gemspec
I, [2014-01-06T17:34:59.942004 #7155]  INFO -- : 0:  logging (1.8.1) from /Users/paul6951/.rvm/gems/ruby-1.9.3-p448/specifications/logging-1.8.1.gemspec
I, [2014-01-06T17:34:59.942329 #7155]  INFO -- : 0:  rubyntlm (0.1.1) from /Users/paul6951/.rvm/gems/ruby-1.9.3-p448/specifications/rubyntlm-0.1.1.gemspec
I, [2014-01-06T17:34:59.942639 #7155]  INFO -- : 0:  rack (1.5.2) from /Users/paul6951/.rvm/gems/ruby-1.9.3-p448/specifications/rack-1.5.2.gemspec
I, [2014-01-06T17:34:59.942965 #7155]  INFO -- : 0:  httpi (0.9.7) from /Users/paul6951/.rvm/gems/ruby-1.9.3-p448/specifications/httpi-0.9.7.gemspec
I, [2014-01-06T17:34:59.943297 #7155]  INFO -- : 0:  nori (1.1.5) from /Users/paul6951/.rvm/gems/ruby-1.9.3-p448/specifications/nori-1.1.5.gemspec
I, [2014-01-06T17:34:59.943624 #7155]  INFO -- : 0:  wasabi (1.0.0) from /Users/paul6951/.rvm/gems/ruby-1.9.3-p448/specifications/wasabi-1.0.0.gemspec
I, [2014-01-06T17:34:59.943949 #7155]  INFO -- : 0:  savon (0.9.5) from /Users/paul6951/.rvm/gems/ruby-1.9.3-p448/specifications/savon-0.9.5.gemspec
I, [2014-01-06T17:34:59.944279 #7155]  INFO -- : 0:  uuidtools (2.1.4) from /Users/paul6951/.rvm/gems/ruby-1.9.3-p448/specifications/uuidtools-2.1.4.gemspec
I, [2014-01-06T17:34:59.944605 #7155]  INFO -- : 0:  winrm (1.1.3) from /Users/paul6951/.rvm/gems/ruby-1.9.3-p448/specifications/winrm-1.1.3.gemspec
I, [2014-01-06T17:34:59.944944 #7155]  INFO -- : 0:  ridley (1.5.3) from /Users/paul6951/.rvm/gems/ruby-1.9.3-p448/specifications/ridley-1.5.3.gemspec
I, [2014-01-06T17:34:59.945274 #7155]  INFO -- : 0:  thor (0.18.1) from /Users/paul6951/.rvm/gems/ruby-1.9.3-p448/specifications/thor-0.18.1.gemspec
I, [2014-01-06T17:34:59.945604 #7155]  INFO -- : 0:  berkshelf (2.0.10) from /Users/paul6951/.rvm/gems/ruby-1.9.3-p448/specifications/berkshelf-2.0.10.gemspec
I, [2014-01-06T17:34:59.945934 #7155]  INFO -- : 0:  mixlib-shellout (1.3.0) from /Users/paul6951/.rvm/gems/ruby-1.9.3-p448/specifications/mixlib-shellout-1.3.0.gemspec
I, [2014-01-06T17:34:59.946255 #7155]  INFO -- : 0:  net-scp (1.1.2) from /Users/paul6951/.rvm/gems/ruby-1.9.3-p448@global/specifications/net-scp-1.1.2.gemspec
I, [2014-01-06T17:34:59.946596 #7155]  INFO -- : 0:  safe_yaml (0.9.7) from /Users/paul6951/.rvm/gems/ruby-1.9.3-p448/specifications/safe_yaml-0.9.7.gemspec
I, [2014-01-06T17:34:59.946915 #7155]  INFO -- : 0:  test-kitchen (1.1.1) from /Users/paul6951/.rvm/gems/ruby-1.9.3-p448@global/specifications/test-kitchen-1.1.1.gemspec
I, [2014-01-06T17:34:59.947238 #7155]  INFO -- : 0:  kitchen-vagrant (0.14.0) from /Users/paul6951/.rvm/gems/ruby-1.9.3-p448/specifications/kitchen-vagrant-0.14.0.gemspec
I, [2014-01-06T17:34:59.947547 #7155]  INFO -- : 0:  bundler (1.5.1) from /Users/paul6951/.rvm/gems/ruby-1.9.3-p448/specifications/bundler-1.5.1.gemspec
I, [2014-01-06T17:35:00.352703 #23256]  INFO -- : 0:  i18n (0.6.9) from /Users/paul6951/.rvm/gems/ruby-1.9.3-p448@global/specifications/i18n-0.6.9.gemspec
I, [2014-01-06T17:35:00.353112 #23256]  INFO -- : 0:  multi_json (1.8.2) from /Users/paul6951/.rvm/gems/ruby-1.9.3-p448/specifications/multi_json-1.8.2.gemspec
I, [2014-01-06T17:35:00.353425 #23256]  INFO -- : 0:  activesupport (3.2.16) from /Users/paul6951/.rvm/gems/ruby-1.9.3-p448/specifications/activesupport-3.2.16.gemspec
I, [2014-01-06T17:35:00.353706 #23256]  INFO -- : 0:  addressable (2.3.5) from /Users/paul6951/.rvm/gems/ruby-1.9.3-p448/specifications/addressable-2.3.5.gemspec
I, [2014-01-06T17:35:00.353979 #23256]  INFO -- : 0:  builder (3.2.2) from /Users/paul6951/.rvm/gems/ruby-1.9.3-p448/specifications/builder-3.2.2.gemspec
I, [2014-01-06T17:35:00.354262 #23256]  INFO -- : 0:  gyoku (1.1.1) from /Users/paul6951/.rvm/gems/ruby-1.9.3-p448/specifications/gyoku-1.1.1.gemspec
I, [2014-01-06T17:35:00.354539 #23256]  INFO -- : 0:  mini_portile (0.5.2) from /Users/paul6951/.rvm/gems/ruby-1.9.3-p448/specifications/mini_portile-0.5.2.gemspec
I, [2014-01-06T17:35:00.354819 #23256]  INFO -- : 0:  nokogiri (1.6.1) from /Users/paul6951/.rvm/gems/ruby-1.9.3-p448/specifications/nokogiri-1.6.1.gemspec
I, [2014-01-06T17:35:00.355088 #23256]  INFO -- : 0:  akami (1.2.0) from /Users/paul6951/.rvm/gems/ruby-1.9.3-p448/specifications/akami-1.2.0.gemspec
I, [2014-01-06T17:35:00.355362 #23256]  INFO -- : 0:  buff-ruby_engine (0.1.0) from /Users/paul6951/.rvm/gems/ruby-1.9.3-p448/specifications/buff-ruby_engine-0.1.0.gemspec
I, [2014-01-06T17:35:00.355638 #23256]  INFO -- : 0:  buff-shell_out (0.1.1) from /Users/paul6951/.rvm/gems/ruby-1.9.3-p448/specifications/buff-shell_out-0.1.1.gemspec
I, [2014-01-06T17:35:00.355910 #23256]  INFO -- : 0:  hashie (2.0.5) from /Users/paul6951/.rvm/gems/ruby-1.9.3-p448/specifications/hashie-2.0.5.gemspec
I, [2014-01-06T17:35:00.356184 #23256]  INFO -- : 0:  chozo (0.6.1) from /Users/paul6951/.rvm/gems/ruby-1.9.3-p448/specifications/chozo-0.6.1.gemspec
I, [2014-01-06T17:35:00.356463 #23256]  INFO -- : 0:  multipart-post (1.2.0) from /Users/paul6951/.rvm/gems/ruby-1.9.3-p448/specifications/multipart-post-1.2.0.gemspec
I, [2014-01-06T17:35:00.356816 #23256]  INFO -- : 0:  faraday (0.8.8) from /Users/paul6951/.rvm/gems/ruby-1.9.3-p448/specifications/faraday-0.8.8.gemspec
I, [2014-01-06T17:35:00.357147 #23256]  INFO -- : 0:  minitar (0.5.4) from /Users/paul6951/.rvm/gems/ruby-1.9.3-p448/specifications/minitar-0.5.4.gemspec
I, [2014-01-06T17:35:00.357419 #23256]  INFO -- : 0:  rbzip2 (0.2.0) from /Users/paul6951/.rvm/gems/ruby-1.9.3-p448/specifications/rbzip2-0.2.0.gemspec
I, [2014-01-06T17:35:00.357694 #23256]  INFO -- : 0:  retryable (1.3.4) from /Users/paul6951/.rvm/gems/ruby-1.9.3-p448/specifications/retryable-1.3.4.gemspec
I, [2014-01-06T17:35:00.357966 #23256]  INFO -- : 0:  buff-extensions (0.5.0) from /Users/paul6951/.rvm/gems/ruby-1.9.3-p448/specifications/buff-extensions-0.5.0.gemspec
I, [2014-01-06T17:35:00.358241 #23256]  INFO -- : 0:  varia_model (0.2.0) from /Users/paul6951/.rvm/gems/ruby-1.9.3-p448/specifications/varia_model-0.2.0.gemspec
I, [2014-01-06T17:35:00.358511 #23256]  INFO -- : 0:  buff-config (0.4.0) from /Users/paul6951/.rvm/gems/ruby-1.9.3-p448/specifications/buff-config-0.4.0.gemspec
I, [2014-01-06T17:35:00.358787 #23256]  INFO -- : 0:  buff-ignore (1.1.1) from /Users/paul6951/.rvm/gems/ruby-1.9.3-p448/specifications/buff-ignore-1.1.1.gemspec
I, [2014-01-06T17:35:00.359073 #23256]  INFO -- : 0:  hitimes (1.2.1) from /Users/paul6951/.rvm/gems/ruby-1.9.3-p448/specifications/hitimes-1.2.1.gemspec
I, [2014-01-06T17:35:00.359346 #23256]  INFO -- : 0:  timers (2.0.0) from /Users/paul6951/.rvm/gems/ruby-1.9.3-p448/specifications/timers-2.0.0.gemspec
I, [2014-01-06T17:35:00.359623 #23256]  INFO -- : 0:  celluloid (0.14.1) from /Users/paul6951/.rvm/gems/ruby-1.9.3-p448/specifications/celluloid-0.14.1.gemspec
I, [2014-01-06T17:35:00.359893 #23256]  INFO -- : 0:  nio4r (0.5.0) from /Users/paul6951/.rvm/gems/ruby-1.9.3-p448/specifications/nio4r-0.5.0.gemspec
I, [2014-01-06T17:35:00.360168 #23256]  INFO -- : 0:  celluloid-io (0.14.1) from /Users/paul6951/.rvm/gems/ruby-1.9.3-p448/specifications/celluloid-io-0.14.1.gemspec
I, [2014-01-06T17:35:00.360437 #23256]  INFO -- : 0:  erubis (2.7.0) from /Users/paul6951/.rvm/gems/ruby-1.9.3-p448/specifications/erubis-2.7.0.gemspec
I, [2014-01-06T17:35:00.360709 #23256]  INFO -- : 0:  json (1.8.1) from /Users/paul6951/.rvm/gems/ruby-1.9.3-p448/specifications/json-1.8.1.gemspec
I, [2014-01-06T17:35:00.360999 #23256]  INFO -- : 0:  mixlib-log (1.6.0) from /Users/paul6951/.rvm/gems/ruby-1.9.3-p448/specifications/mixlib-log-1.6.0.gemspec
I, [2014-01-06T17:35:00.365016 #23256]  INFO -- : 0:  mixlib-authentication (1.3.0) from /Users/paul6951/.rvm/gems/ruby-1.9.3-p448/specifications/mixlib-authentication-1.3.0.gemspec
I, [2014-01-06T17:35:00.365340 #23256]  INFO -- : 0:  net-http-persistent (2.9) from /Users/paul6951/.rvm/gems/ruby-1.9.3-p448/specifications/net-http-persistent-2.9.gemspec
I, [2014-01-06T17:35:00.365643 #23256]  INFO -- : 0:  net-ssh (2.7.0) from /Users/paul6951/.rvm/gems/ruby-1.9.3-p448/specifications/net-ssh-2.7.0.gemspec
I, [2014-01-06T17:35:00.365928 #23256]  INFO -- : 0:  solve (0.8.2) from /Users/paul6951/.rvm/gems/ruby-1.9.3-p448/specifications/solve-0.8.2.gemspec
I, [2014-01-06T17:35:00.366218 #23256]  INFO -- : 0:  ffi (1.9.3) from /Users/paul6951/.rvm/gems/ruby-1.9.3-p448/specifications/ffi-1.9.3.gemspec
I, [2014-01-06T17:35:00.366490 #23256]  INFO -- : 0:  gssapi (1.0.3) from /Users/paul6951/.rvm/gems/ruby-1.9.3-p448/specifications/gssapi-1.0.3.gemspec
I, [2014-01-06T17:35:00.366777 #23256]  INFO -- : 0:  httpclient (2.3.4.1) from /Users/paul6951/.rvm/gems/ruby-1.9.3-p448/specifications/httpclient-2.3.4.1.gemspec
I, [2014-01-06T17:35:00.367062 #23256]  INFO -- : 0:  little-plugger (1.1.3) from /Users/paul6951/.rvm/gems/ruby-1.9.3-p448/specifications/little-plugger-1.1.3.gemspec
I, [2014-01-06T17:35:00.367343 #23256]  INFO -- : 0:  logging (1.8.1) from /Users/paul6951/.rvm/gems/ruby-1.9.3-p448/specifications/logging-1.8.1.gemspec
I, [2014-01-06T17:35:00.367622 #23256]  INFO -- : 0:  rubyntlm (0.1.1) from /Users/paul6951/.rvm/gems/ruby-1.9.3-p448/specifications/rubyntlm-0.1.1.gemspec
I, [2014-01-06T17:35:00.367900 #23256]  INFO -- : 0:  rack (1.5.2) from /Users/paul6951/.rvm/gems/ruby-1.9.3-p448/specifications/rack-1.5.2.gemspec
I, [2014-01-06T17:35:00.368170 #23256]  INFO -- : 0:  httpi (0.9.7) from /Users/paul6951/.rvm/gems/ruby-1.9.3-p448/specifications/httpi-0.9.7.gemspec
I, [2014-01-06T17:35:00.368449 #23256]  INFO -- : 0:  nori (1.1.5) from /Users/paul6951/.rvm/gems/ruby-1.9.3-p448/specifications/nori-1.1.5.gemspec
I, [2014-01-06T17:35:00.368731 #23256]  INFO -- : 0:  wasabi (1.0.0) from /Users/paul6951/.rvm/gems/ruby-1.9.3-p448/specifications/wasabi-1.0.0.gemspec
I, [2014-01-06T17:35:00.369005 #23256]  INFO -- : 0:  savon (0.9.5) from /Users/paul6951/.rvm/gems/ruby-1.9.3-p448/specifications/savon-0.9.5.gemspec
I, [2014-01-06T17:35:00.369296 #23256]  INFO -- : 0:  uuidtools (2.1.4) from /Users/paul6951/.rvm/gems/ruby-1.9.3-p448/specifications/uuidtools-2.1.4.gemspec
I, [2014-01-06T17:35:00.369582 #23256]  INFO -- : 0:  winrm (1.1.3) from /Users/paul6951/.rvm/gems/ruby-1.9.3-p448/specifications/winrm-1.1.3.gemspec
I, [2014-01-06T17:35:00.369883 #23256]  INFO -- : 0:  ridley (1.5.3) from /Users/paul6951/.rvm/gems/ruby-1.9.3-p448/specifications/ridley-1.5.3.gemspec
I, [2014-01-06T17:35:00.370185 #23256]  INFO -- : 0:  thor (0.18.1) from /Users/paul6951/.rvm/gems/ruby-1.9.3-p448/specifications/thor-0.18.1.gemspec
I, [2014-01-06T17:35:00.370464 #23256]  INFO -- : 0:  berkshelf (2.0.10) from /Users/paul6951/.rvm/gems/ruby-1.9.3-p448/specifications/berkshelf-2.0.10.gemspec
I, [2014-01-06T17:35:00.370754 #23256]  INFO -- : 0:  mixlib-shellout (1.3.0) from /Users/paul6951/.rvm/gems/ruby-1.9.3-p448/specifications/mixlib-shellout-1.3.0.gemspec
I, [2014-01-06T17:35:00.371051 #23256]  INFO -- : 0:  net-scp (1.1.2) from /Users/paul6951/.rvm/gems/ruby-1.9.3-p448@global/specifications/net-scp-1.1.2.gemspec
I, [2014-01-06T17:35:00.371339 #23256]  INFO -- : 0:  safe_yaml (0.9.7) from /Users/paul6951/.rvm/gems/ruby-1.9.3-p448/specifications/safe_yaml-0.9.7.gemspec
I, [2014-01-06T17:35:00.371615 #23256]  INFO -- : 0:  test-kitchen (1.1.1) from /Users/paul6951/.rvm/gems/ruby-1.9.3-p448@global/specifications/test-kitchen-1.1.1.gemspec
I, [2014-01-06T17:35:00.371899 #23256]  INFO -- : 0:  kitchen-vagrant (0.14.0) from /Users/paul6951/.rvm/gems/ruby-1.9.3-p448/specifications/kitchen-vagrant-0.14.0.gemspec
I, [2014-01-06T17:35:00.372161 #23256]  INFO -- : 0:  bundler (1.5.1) from /Users/paul6951/.rvm/gems/ruby-1.9.3-p448/specifications/bundler-1.5.1.gemspec
